            "[I 2026-04-24 18:30:31,600] Trial 0 finished with value: -0.24585073868553073 and parameters: {'n_estimators': 109, 'max_depth': 7, 'learning_rate': 0.1937808129225512, 'subsample': 0.8704289174785171, 'colsample_bytree': 0.8021627686618377, 'gamma': 0.37182550129058045, 'reg_alpha': 0.23710912229229247, 'reg_lambda': 1.091202781046377, 'threshold': 0.584504376721605, 'adx_th': 21, 'vol_q': 0.7766449598765692}. Best is trial 0 with value: -0.24585073868553073.\n",
            "[I 2026-04-24 18:30:33,338] Trial 1 finished with value: 0.09510721689426926 and parameters: {'n_estimators': 375, 'max_depth': 10, 'learning_rate': 0.18127739130296333, 'subsample': 0.7479817927257493, 'colsample_bytree': 0.7174401333036059, 'gamma': 0.09962871690214942, 'reg_alpha': 0.45928658384605187, 'reg_lambda': 0.7472128092622727, 'threshold': 0.5466673716927779, 'adx_th': 14, 'vol_q': 0.7788791521931919}. Best is trial 1 with value: 0.09510721689426926.\n",
            "[I 2026-04-24 18:30:34,520] Trial 2 finished with value: -0.7515782409806145 and parameters: {'n_estimators': 142, 'max_depth': 7, 'learning_rate': 0.054830753816177115, 'subsample': 0.8930026049044746, 'colsample_bytree': 0.6677717914743343, 'gamma': 0.17140021651066106, 'reg_alpha': 0.001699540139016853, 'reg_lambda': 1.035905402819043, 'threshold': 0.6673779087268742, 'adx_th': 19, 'vol_q': 0.7429770219064437}. Best is trial 1 with value: 0.09510721689426926.\n",
            "[I 2026-04-24 18:30:36,191] Trial 3 finished with value: 0.23363447725389827 and parameters: {'n_estimators': 137, 'max_depth': 10, 'learning_rate': 0.05487800341463099, 'subsample': 0.889456301390408, 'colsample_bytree': 0.6662828233858796, 'gamma': 0.04050591868067149, 'reg_alpha': 0.17984843245268328, 'reg_lambda': 0.7809712021282174, 'threshold': 0.6288299053276079, 'adx_th': 23, 'vol_q': 0.5580748784379526}. Best is trial 3 with value: 0.23363447725389827.\n",
            "[I 2026-04-24 18:30:37,201] Trial 4 finished with value: 0.03129407119562629 and parameters: {'n_estimators': 338, 'max_depth': 3, 'learning_rate': 0.06856689148739095, 'subsample': 0.8016933282898365, 'colsample_bytree': 0.7555762973844514, 'gamma': 0.09280183112895884, 'reg_alpha': 0.25846147014415294, 'reg_lambda': 1.625965131380153, 'threshold': 0.5418462853183819, 'adx_th': 23, 'vol_q': 0.6537121189447366}. Best is trial 3 with value: 0.23363447725389827.\n",
            "[I 2026-04-24 18:30:39,014] Trial 5 finished with value: 0.13013475224781731 and parameters: {'n_estimators': 170, 'max_depth': 9, 'learning_rate': 0.14917945531929336, 'subsample': 0.8292693616512175, 'colsample_bytree': 0.8067067267997409, 'gamma': 0.027557888490353843, 'reg_alpha': 0.3545323598891964, 'reg_lambda': 1.6586740427584479, 'threshold': 0.4806594247938102, 'adx_th': 22, 'vol_q': 0.7318677640017195}. Best is trial 3 with value: 0.23363447725389827.\n",
            "[I 2026-04-24 18:30:40,528] Trial 6 finished with value: 0.376690981105867 and parameters: {'n_estimators': 275, 'max_depth': 4, 'learning_rate': 0.01921443999230652, 'subsample': 0.7984149369910378, 'colsample_bytree': 0.7553989466585098, 'gamma': 0.4051867736111912, 'reg_alpha': 0.4673705409486385, 'reg_lambda': 1.1962467439009632, 'threshold': 0.45183417169596257, 'adx_th': 12, 'vol_q': 0.51797743711337}. Best is trial 6 with value: 0.376690981105867.\n",
            "[I 2026-04-24 18:30:43,496] Trial 7 finished with value: -0.1265021453706656 and parameters: {'n_estimators': 174, 'max_depth': 9, 'learning_rate': 0.0873077882125719, 'subsample': 0.6410540953132203, 'colsample_bytree': 0.7805695250403502, 'gamma': 0.49377286072665755, 'reg_alpha': 0.3696250406750884, 'reg_lambda': 1.2896953980119903, 'threshold': 0.5817861288421381, 'adx_th': 23, 'vol_q': 0.750081577059267}. Best is trial 6 with value: 0.376690981105867.\n",
            "[I 2026-04-24 18:30:44,397] Trial 8 finished with value: -0.31282827762130444 and parameters: {'n_estimators': 203, 'max_depth': 4, 'learning_rate': 0.08182781783739956, 'subsample': 0.6429455678101097, 'colsample_bytree': 0.7814536195638888, 'gamma': 0.4242672038922477, 'reg_alpha': 0.4956116579609759, 'reg_lambda': 1.4162895799734456, 'threshold': 0.5137829312763789, 'adx_th': 23, 'vol_q': 0.7163334999846278}. Best is trial 6 with value: 0.376690981105867.\n",
            "[I 2026-04-24 18:30:45,201] Trial 9 finished with value: -1.0800620324987242 and parameters: {'n_estimators': 278, 'max_depth': 3, 'learning_rate': 0.17974091010588783, 'subsample': 0.8939876560507098, 'colsample_bytree': 0.6986016216484411, 'gamma': 0.4589703992074921, 'reg_alpha': 0.23213832903783366, 'reg_lambda': 1.1844356655049744, 'threshold': 0.5306561479976925, 'adx_th': 19, 'vol_q': 0.8836984874657603}. Best is trial 6 with value: 0.376690981105867.\n",
            "[I 2026-04-24 18:30:47,047] Trial 10 finished with value: 0.37161726718731886 and parameters: {'n_estimators': 269, 'max_depth': 5, 'learning_rate': 0.01365757770936947, 'subsample': 0.9970801539907853, 'colsample_bytree': 0.9281815544597503, 'gamma': 0.2897575709793325, 'reg_alpha': 0.07450985054774517, 'reg_lambda': 1.8885426167001909, 'threshold': 0.4571903370518812, 'adx_th': 10, 'vol_q': 0.5386975683160151}. Best is trial 6 with value: 0.376690981105867.\n",
            "[I 2026-04-24 18:30:48,946] Trial 11 finished with value: 0.28749297527196443 and parameters: {'n_estimators': 277, 'max_depth': 5, 'learning_rate': 0.015925524436223918, 'subsample': 0.9968559152243968, 'colsample_bytree': 0.9425650523939845, 'gamma': 0.31112328120743904, 'reg_alpha': 0.044767998743717174, 'reg_lambda': 1.9231150037129432, 'threshold': 0.4522167394163209, 'adx_th': 10, 'vol_q': 0.5371946308705755}. Best is trial 6 with value: 0.376690981105867.\n",
            "[I 2026-04-24 18:30:50,752] Trial 12 finished with value: 0.398599376486848 and parameters: {'n_estimators': 245, 'max_depth': 5, 'learning_rate': 0.011667369636841993, 'subsample': 0.991810321256718, 'colsample_bytree': 0.9102554467393567, 'gamma': 0.25141153834821384, 'reg_alpha': 0.12133617052081658, 'reg_lambda': 1.9372091699310712, 'threshold': 0.45412450379202557, 'adx_th': 10, 'vol_q': 0.5013557018147174}. Best is trial 12 with value: 0.398599376486848.\n",
            "[I 2026-04-24 18:30:52,196] Trial 13 finished with value: 0.1939417670619087 and parameters: {'n_estimators': 233, 'max_depth': 5, 'learning_rate': 0.030629197713143517, 'subsample': 0.7329249144414008, 'colsample_bytree': 0.8778804420306396, 'gamma': 0.21547183185582625, 'reg_alpha': 0.1341780435077541, 'reg_lambda': 0.5633435503421076, 'threshold': 0.4974785957487678, 'adx_th': 14, 'vol_q': 0.6257750878101515}. Best is trial 12 with value: 0.398599376486848.\n",
            "[I 2026-04-24 18:30:55,770] Trial 14 finished with value: 0.3406429408711607 and parameters: {'n_estimators': 320, 'max_depth': 6, 'learning_rate': 0.1269589146787196, 'subsample': 0.7207503274778526, 'colsample_bytree': 0.994147430944005, 'gamma': 0.377558017394786, 'reg_alpha': 0.35439148504441975, 'reg_lambda': 1.5054968067232488, 'threshold': 0.48328543487557435, 'adx_th': 13, 'vol_q': 0.50387000814406}. Best is trial 12 with value: 0.398599376486848.\n",
            "[I 2026-04-24 18:30:56,887] Trial 15 finished with value: -0.4931333058878759 and parameters: {'n_estimators': 237, 'max_depth': 4, 'learning_rate': 0.03516861807088814, 'subsample': 0.9531036437289215, 'colsample_bytree': 0.8597250981428717, 'gamma': 0.23395962172231893, 'reg_alpha': 0.12436196766995336, 'reg_lambda': 1.7719583082722952, 'threshold': 0.6994623986601387, 'adx_th': 12, 'vol_q': 0.6049038515116893}. Best is trial 12 with value: 0.398599376486848.\n",
            "[I 2026-04-24 18:30:58,276] Trial 16 finished with value: 0.3706225947616737 and parameters: {'n_estimators': 318, 'max_depth': 6, 'learning_rate': 0.10547308000208418, 'subsample': 0.7715764107231501, 'colsample_bytree': 0.6113468165085094, 'gamma': 0.3475820489977926, 'reg_alpha': 0.41213387959292147, 'reg_lambda': 0.9286774632920716, 'threshold': 0.4513931654851669, 'adx_th': 16, 'vol_q': 0.5905854689143121}. Best is trial 12 with value: 0.398599376486848.\n",
            "[I 2026-04-24 18:30:59,979] Trial 17 finished with value: 0.6492728004104102 and parameters: {'n_estimators': 397, 'max_depth': 4, 'learning_rate': 0.0407678935804272, 'subsample': 0.8396288645479949, 'colsample_bytree': 0.8537889344391023, 'gamma': 0.1682828423624872, 'reg_alpha': 0.2774359933495185, 'reg_lambda': 1.3623951597181927, 'threshold': 0.6263070995053285, 'adx_th': 16, 'vol_q': 0.5020084061632466}. Best is trial 17 with value: 0.6492728004104102.\n",
            "[I 2026-04-24 18:31:03,231] Trial 18 finished with value: 0.14150863701221272 and parameters: {'n_estimators': 398, 'max_depth': 8, 'learning_rate': 0.04698717531166959, 'subsample': 0.9464261488372077, 'colsample_bytree': 0.8612377821684838, 'gamma': 0.16065843814681854, 'reg_alpha': 0.284855653813577, 'reg_lambda': 1.9775047799645473, 'threshold': 0.6189885305058961, 'adx_th': 16, 'vol_q': 0.6550448023186083}. Best is trial 17 with value: 0.6492728004104102.\n",
            "[I 2026-04-24 18:31:04,050] Trial 19 finished with value: 0.17723020866994468 and parameters: {'n_estimators': 213, 'max_depth': 3, 'learning_rate': 0.10525808385657454, 'subsample': 0.6792752225103509, 'colsample_bytree': 0.9096782555638955, 'gamma': 0.15667099769856674, 'reg_alpha': 0.30090508027062957, 'reg_lambda': 1.4090331151241249, 'threshold': 0.618187860019005, 'adx_th': 25, 'vol_q': 0.5708120219150042}. Best is trial 17 with value: 0.6492728004104102.\n",
            "[I 2026-04-24 18:31:12,544] Trial 20 finished with value: -0.088313529393221 and parameters: {'n_estimators': 355, 'max_depth': 6, 'learning_rate': 0.0375315963454729, 'subsample': 0.9501024353629226, 'colsample_bytree': 0.9847149040982214, 'gamma': 0.2841006996375808, 'reg_alpha': 0.19042375771592673, 'reg_lambda': 1.7768989957417218, 'threshold': 0.6502171072776065, 'adx_th': 16, 'vol_q': 0.8887414738804421}. Best is trial 17 with value: 0.6492728004104102.\n",
            "[I 2026-04-24 18:31:14,014] Trial 21 finished with value: 0.5574725208873601 and parameters: {'n_estimators': 302, 'max_depth': 4, 'learning_rate': 0.011102709715545864, 'subsample': 0.8332447575403682, 'colsample_bytree': 0.8367271986210031, 'gamma': 0.19998588784824622, 'reg_alpha': 0.42528289914724376, 'reg_lambda': 1.2759565737891108, 'threshold': 0.5597706163123918, 'adx_th': 12, 'vol_q': 0.5120005051181634}. Best is trial 17 with value: 0.6492728004104102.\n",
            "[I 2026-04-24 18:31:15,350] Trial 22 finished with value: 0.4162067411572335 and parameters: {'n_estimators': 302, 'max_depth': 4, 'learning_rate': 0.027722975030910618, 'subsample': 0.8591209115529603, 'colsample_bytree': 0.8391984709910524, 'gamma': 0.19507103022830838, 'reg_alpha': 0.1768639759440467, 'reg_lambda': 1.3388138971343169, 'threshold': 0.561465421357885, 'adx_th': 11, 'vol_q': 0.5086572069359543}. Best is trial 17 with value: 0.6492728004104102.\n",
            "[I 2026-04-24 18:31:16,686] Trial 23 finished with value: 0.3080791733098942 and parameters: {'n_estimators': 305, 'max_depth': 4, 'learning_rate': 0.06622213325152232, 'subsample': 0.8361994083752143, 'colsample_bytree': 0.8314587518553416, 'gamma': 0.12214884978708944, 'reg_alpha': 0.19287504344226217, 'reg_lambda': 1.2900686956629726, 'threshold': 0.5647042796022569, 'adx_th': 12, 'vol_q': 0.5518067633531083}. Best is trial 17 with value: 0.6492728004104102.\n",
            "[I 2026-04-24 18:31:17,843] Trial 24 finished with value: 0.002679146945071894 and parameters: {'n_estimators': 363, 'max_depth': 3, 'learning_rate': 0.0292528957711606, 'subsample': 0.8542587719566184, 'colsample_bytree': 0.8455416137173916, 'gamma': 0.19346485613198963, 'reg_alpha': 0.32376918278532213, 'reg_lambda': 1.4704875283948275, 'threshold': 0.594619335095834, 'adx_th': 14, 'vol_q': 0.6721120191399653}. Best is trial 17 with value: 0.6492728004104102.\n",
            "[I 2026-04-24 18:31:21,370] Trial 25 finished with value: 0.39434272553768074 and parameters: {'n_estimators': 388, 'max_depth': 4, 'learning_rate': 0.047780000299517254, 'subsample': 0.8048206200353899, 'colsample_bytree': 0.882242358590121, 'gamma': 0.06320711768520058, 'reg_alpha': 0.40373327731554876, 'reg_lambda': 1.3411363913028678, 'threshold': 0.5642442352998877, 'adx_th': 18, 'vol_q': 0.6026172535836017}. Best is trial 17 with value: 0.6492728004104102.\n",
            "[I 2026-04-24 18:31:23,240] Trial 26 finished with value: -0.2335142233611546 and parameters: {'n_estimators': 299, 'max_depth': 5, 'learning_rate': 0.07188459877277772, 'subsample': 0.836107997709961, 'colsample_bytree': 0.8145671762339481, 'gamma': 0.13725394130525642, 'reg_alpha': 0.4077220889724037, 'reg_lambda': 1.5407563638356883, 'threshold': 0.601105620426291, 'adx_th': 11, 'vol_q': 0.8373059461094693}. Best is trial 17 with value: 0.6492728004104102.\n",
            "[I 2026-04-24 18:31:24,862] Trial 27 finished with value: 0.23346529750299827 and parameters: {'n_estimators': 341, 'max_depth': 4, 'learning_rate': 0.02829819776013094, 'subsample': 0.9310427527755976, 'colsample_bytree': 0.9528226761044286, 'gamma': 0.19598131439237615, 'reg_alpha': 0.16581549674355023, 'reg_lambda': 1.0783909123251068, 'threshold': 0.6420769095945438, 'adx_th': 15, 'vol_q': 0.5271077401137908}. Best is trial 17 with value: 0.6492728004104102.\n",
            "[I 2026-04-24 18:31:25,925] Trial 28 finished with value: 0.13943787928562862 and parameters: {'n_estimators': 337, 'max_depth': 3, 'learning_rate': 0.09012170774065148, 'subsample': 0.761455432817461, 'colsample_bytree': 0.8864123734484716, 'gamma': 0.2512379410145869, 'reg_alpha': 0.21861703013827297, 'reg_lambda': 0.9346988720027638, 'threshold': 0.5563610075738, 'adx_th': 13, 'vol_q': 0.5694813191824571}. Best is trial 17 with value: 0.6492728004104102.\n",
            "[I 2026-04-24 18:31:27,849] Trial 29 finished with value: 0.5103892641054942 and parameters: {'n_estimators': 299, 'max_depth': 7, 'learning_rate': 0.13389262687517547, 'subsample': 0.8624494333710565, 'colsample_bytree': 0.8338183724437824, 'gamma': 0.08928760175176302, 'reg_alpha': 0.27144855091348624, 'reg_lambda': 1.1815424729245423, 'threshold': 0.5952419753728508, 'adx_th': 17, 'vol_q': 0.5008378600795319}. Best is trial 17 with value: 0.6492728004104102.\n",
            "[I 2026-04-24 18:31:29,654] Trial 30 finished with value: 0.4598603630616771 and parameters: {'n_estimators': 377, 'max_depth': 7, 'learning_rate': 0.1412297233366035, 'subsample': 0.9178184579428056, 'colsample_bytree': 0.7733004227071031, 'gamma': 0.07136863363817324, 'reg_alpha': 0.27564048206192054, 'reg_lambda': 1.147882347478185, 'threshold': 0.5916697937904647, 'adx_th': 18, 'vol_q': 0.6225074445724899}. Best is trial 17 with value: 0.6492728004104102.\n",
            "[I 2026-04-24 18:31:33,437] Trial 31 finished with value: 0.4700790349417517 and parameters: {'n_estimators': 377, 'max_depth': 7, 'learning_rate': 0.1413033635809432, 'subsample': 0.9181789294071219, 'colsample_bytree': 0.7694601009937754, 'gamma': 0.07326485591936957, 'reg_alpha': 0.26173298501937586, 'reg_lambda': 1.1507547434044656, 'threshold': 0.5995262623765732, 'adx_th': 18, 'vol_q': 0.5779935177367461}. Best is trial 17 with value: 0.6492728004104102.\n",
            "[I 2026-04-24 18:31:35,182] Trial 32 finished with value: 0.384687755508134 and parameters: {'n_estimators': 367, 'max_depth': 8, 'learning_rate': 0.15417674460310443, 'subsample': 0.8787376730182358, 'colsample_bytree': 0.8182478446954947, 'gamma': 0.1151015775546278, 'reg_alpha': 0.3191077605697925, 'reg_lambda': 0.9833938824745612, 'threshold': 0.609407181528977, 'adx_th': 19, 'vol_q': 0.5769134251770398}. Best is trial 17 with value: 0.6492728004104102.\n",
            "[I 2026-04-24 18:31:37,603] Trial 33 finished with value: 0.38168303997225933 and parameters: {'n_estimators': 390, 'max_depth': 7, 'learning_rate': 0.1227333017158585, 'subsample': 0.9054405097206556, 'colsample_bytree': 0.7369495242121322, 'gamma': 0.0037259523424399144, 'reg_alpha': 0.2503723816881354, 'reg_lambda': 0.8231822306151687, 'threshold': 0.5806431598022462, 'adx_th': 17, 'vol_q': 0.5343663055607696}. Best is trial 17 with value: 0.6492728004104102.\n",
            "[I 2026-04-24 18:31:39,381] Trial 34 finished with value: 0.3869060003154708 and parameters: {'n_estimators': 355, 'max_depth': 8, 'learning_rate': 0.17401700719521698, 'subsample': 0.8765899545064192, 'colsample_bytree': 0.7932225801073111, 'gamma': 0.08623275602138548, 'reg_alpha': 0.22155917966826383, 'reg_lambda': 1.0883710590657054, 'threshold': 0.6697980918915557, 'adx_th': 20, 'vol_q': 0.5494507197768722}. Best is trial 17 with value: 0.6492728004104102.\n",
            "[I 2026-04-24 18:31:41,516] Trial 35 finished with value: 0.3404679852770414 and parameters: {'n_estimators': 326, 'max_depth': 7, 'learning_rate': 0.12303803004132649, 'subsample': 0.8203649191809994, 'colsample_bytree': 0.7128812523491297, 'gamma': 0.04610362671355834, 'reg_alpha': 0.44277735240201066, 'reg_lambda': 1.2478646529315858, 'threshold': 0.6359841192057887, 'adx_th': 17, 'vol_q': 0.5234644449990774}. Best is trial 17 with value: 0.6492728004104102.\n",
            "[I 2026-04-24 18:31:42,397] Trial 36 finished with value: 0.5168552320043164 and parameters: {'n_estimators': 102, 'max_depth': 6, 'learning_rate': 0.19818268161285857, 'subsample': 0.780698100139535, 'colsample_bytree': 0.7511378858732296, 'gamma': 0.1468197477935351, 'reg_alpha': 0.30904987113639104, 'reg_lambda': 1.0077704112127122, 'threshold': 0.6603258323244297, 'adx_th': 20, 'vol_q': 0.5050209040205439}. Best is trial 17 with value: 0.6492728004104102.\n",
            "[I 2026-04-24 18:31:45,048] Trial 37 finished with value: 0.34594583592183 and parameters: {'n_estimators': 259, 'max_depth': 6, 'learning_rate': 0.1959492364093955, 'subsample': 0.7879921617108164, 'colsample_bytree': 0.7384304701245072, 'gamma': 0.13690164214071537, 'reg_alpha': 0.3198223693483862, 'reg_lambda': 0.8449140601718936, 'threshold': 0.663043892532523, 'adx_th': 20, 'vol_q': 0.7924041369096888}. Best is trial 17 with value: 0.6492728004104102.\n",
            "[I 2026-04-24 18:31:46,668] Trial 38 finished with value: 0.43335642942906477 and parameters: {'n_estimators': 103, 'max_depth': 9, 'learning_rate': 0.15798121176444363, 'subsample': 0.7152398691918395, 'colsample_bytree': 0.8023630500107317, 'gamma': 0.15710960818880068, 'reg_alpha': 0.3649368211459749, 'reg_lambda': 0.5401062210984017, 'threshold': 0.6888322482934893, 'adx_th': 21, 'vol_q': 0.5543989180562898}. Best is trial 17 with value: 0.6492728004104102.\n",
            "[I 2026-04-24 18:31:47,654] Trial 39 finished with value: 0.5408314714369707 and parameters: {'n_estimators': 132, 'max_depth': 6, 'learning_rate': 0.16461082034237756, 'subsample': 0.7803071492819135, 'colsample_bytree': 0.6663971287181477, 'gamma': 0.10389182381964657, 'reg_alpha': 0.3374737784990215, 'reg_lambda': 1.6035893331902493, 'threshold': 0.655166377723683, 'adx_th': 21, 'vol_q': 0.501533058784909}. Best is trial 17 with value: 0.6492728004104102.\n",
            "[I 2026-04-24 18:31:48,583] Trial 40 finished with value: 0.3618265833577527 and parameters: {'n_estimators': 128, 'max_depth': 6, 'learning_rate': 0.1888709100934133, 'subsample': 0.7773649740533911, 'colsample_bytree': 0.6366362949284499, 'gamma': 0.11059199090029495, 'reg_alpha': 0.4615850258500506, 'reg_lambda': 1.601825559887805, 'threshold': 0.6594579821709133, 'adx_th': 21, 'vol_q': 0.6794791902765747}. Best is trial 17 with value: 0.6492728004104102.\n",
            "[I 2026-04-24 18:31:49,629] Trial 41 finished with value: 0.4890648759378668 and parameters: {'n_estimators': 122, 'max_depth': 8, 'learning_rate': 0.16637005320674145, 'subsample': 0.8102642508942951, 'colsample_bytree': 0.6738180141276513, 'gamma': 0.18526258274321045, 'reg_alpha': 0.38508432189764025, 'reg_lambda': 1.0251890148104392, 'threshold': 0.678180304344593, 'adx_th': 22, 'vol_q': 0.5189548046671939}. Best is trial 17 with value: 0.6492728004104102.\n",
            "[I 2026-04-24 18:31:50,526] Trial 42 finished with value: 0.5077238593245094 and parameters: {'n_estimators': 156, 'max_depth': 5, 'learning_rate': 0.18562533454608307, 'subsample': 0.850075541635165, 'colsample_bytree': 0.6682249962887012, 'gamma': 0.09845405065863855, 'reg_alpha': 0.3322032218712503, 'reg_lambda': 0.6818772697802413, 'threshold': 0.6268375173025975, 'adx_th': 20, 'vol_q': 0.5002142958270746}. Best is trial 17 with value: 0.6492728004104102.\n",
            "[I 2026-04-24 18:31:51,903] Trial 43 finished with value: 0.2523605013597636 and parameters: {'n_estimators': 188, 'max_depth': 7, 'learning_rate': 0.17217278507042516, 'subsample': 0.7885910705565051, 'colsample_bytree': 0.6910857064247611, 'gamma': 0.13197245378690148, 'reg_alpha': 0.2905417158100065, 'reg_lambda': 1.6873817038155199, 'threshold': 0.533418102129124, 'adx_th': 19, 'vol_q': 0.524000897963268}. Best is trial 17 with value: 0.6492728004104102.\n",
            "[I 2026-04-24 18:31:52,938] Trial 44 finished with value: 0.5503851613516894 and parameters: {'n_estimators': 149, 'max_depth': 6, 'learning_rate': 0.13566234570480074, 'subsample': 0.7480144277477617, 'colsample_bytree': 0.6374876435151371, 'gamma': 0.2236129484091738, 'reg_alpha': 0.3359544743973712, 'reg_lambda': 1.4127764506830978, 'threshold': 0.6493937441813272, 'adx_th': 15, 'vol_q': 0.5430315766389698}. Best is trial 17 with value: 0.6492728004104102.\n",
