            "[I 2026-04-24 18:33:43,556] Trial 90 finished with value: 0.6474558376212606 and parameters: {'n_estimators': 193, 'max_depth': 9, 'learning_rate': 0.06968769266981335, 'subsample': 0.8745975204987514, 'colsample_bytree': 0.9772834073367659, 'gamma': 0.367545989291472, 'reg_alpha': 0.40957743845167965, 'reg_lambda': 1.3723289958356915, 'threshold': 0.5636108548354783, 'adx_th': 14, 'vol_q': 0.5771168803689641}. Best is trial 59 with value: 0.7810999724147779.\n",
            "[I 2026-04-24 18:33:46,284] Trial 91 finished with value: 0.3442480720999319 and parameters: {'n_estimators': 191, 'max_depth': 9, 'learning_rate': 0.02444533825226196, 'subsample': 0.6927290900661986, 'colsample_bytree': 0.9714199069540357, 'gamma': 0.35967668088952154, 'reg_alpha': 0.38153679512102034, 'reg_lambda': 1.3913936896734853, 'threshold': 0.564610187371525, 'adx_th': 14, 'vol_q': 0.5766181809152676}. Best is trial 59 with value: 0.7810999724147779.\n",
            "[I 2026-04-24 18:33:48,398] Trial 92 finished with value: 0.6413708659733278 and parameters: {'n_estimators': 210, 'max_depth': 9, 'learning_rate': 0.06811119948913075, 'subsample': 0.8470299586869432, 'colsample_bytree': 0.9821183693318328, 'gamma': 0.37317262218679376, 'reg_alpha': 0.3994314962349614, 'reg_lambda': 1.363569028477777, 'threshold': 0.5770685594945848, 'adx_th': 15, 'vol_q': 0.5536284363774459}. Best is trial 59 with value: 0.7810999724147779.\n",
            "[I 2026-04-24 18:33:52,367] Trial 93 finished with value: 0.5428983344067058 and parameters: {'n_estimators': 201, 'max_depth': 8, 'learning_rate': 0.06804285798165141, 'subsample': 0.8445299500165432, 'colsample_bytree': 0.9973704401741962, 'gamma': 0.31356069610466236, 'reg_alpha': 0.39826276159704443, 'reg_lambda': 1.48401738968601, 'threshold': 0.5726157655091346, 'adx_th': 13, 'vol_q': 0.5582241667261043}. Best is trial 59 with value: 0.7810999724147779.\n",
            "[I 2026-04-24 18:33:54,570] Trial 94 finished with value: 0.6095223824597269 and parameters: {'n_estimators': 208, 'max_depth': 9, 'learning_rate': 0.06012161194372824, 'subsample': 0.8584351861803226, 'colsample_bytree': 0.9354770332372402, 'gamma': 0.3210262112772385, 'reg_alpha': 0.4084904720103697, 'reg_lambda': 1.5166297160735303, 'threshold': 0.5793717405430613, 'adx_th': 14, 'vol_q': 0.5456828047349522}. Best is trial 59 with value: 0.7810999724147779.\n",
            "[I 2026-04-24 18:33:56,840] Trial 95 finished with value: 0.6792831837856594 and parameters: {'n_estimators': 229, 'max_depth': 8, 'learning_rate': 0.059993779285647274, 'subsample': 0.8756012438153868, 'colsample_bytree': 0.9825310794965928, 'gamma': 0.3190342205787439, 'reg_alpha': 0.40764876277413636, 'reg_lambda': 1.5211522834516353, 'threshold': 0.5788268888107924, 'adx_th': 15, 'vol_q': 0.5472840251439892}. Best is trial 59 with value: 0.7810999724147779.\n",
            "[I 2026-04-24 18:33:59,011] Trial 96 finished with value: 0.5920943750926618 and parameters: {'n_estimators': 180, 'max_depth': 8, 'learning_rate': 0.04876832377437135, 'subsample': 0.8744603365761199, 'colsample_bytree': 0.9849853938239096, 'gamma': 0.3553837441625569, 'reg_alpha': 0.3628697856799453, 'reg_lambda': 1.6445285663693734, 'threshold': 0.5626285602536731, 'adx_th': 16, 'vol_q': 0.5295440081790768}. Best is trial 59 with value: 0.7810999724147779.\n",
            "[I 2026-04-24 18:34:00,980] Trial 97 finished with value: 0.4266880908284883 and parameters: {'n_estimators': 232, 'max_depth': 9, 'learning_rate': 0.07776671563404226, 'subsample': 0.8895779399104664, 'colsample_bytree': 0.9827674867548254, 'gamma': 0.33108089253049644, 'reg_alpha': 0.3787301223632734, 'reg_lambda': 1.5719936829409522, 'threshold': 0.5523633953245042, 'adx_th': 15, 'vol_q': 0.555855634525385}. Best is trial 59 with value: 0.7810999724147779.\n",
            "[I 2026-04-24 18:34:04,751] Trial 98 finished with value: 0.3542126383828961 and parameters: {'n_estimators': 218, 'max_depth': 9, 'learning_rate': 0.07192145713187674, 'subsample': 0.8691989356245515, 'colsample_bytree': 0.9893248156127773, 'gamma': 0.37277527184418313, 'reg_alpha': 0.4569492867823197, 'reg_lambda': 1.438709262890698, 'threshold': 0.4874965439157538, 'adx_th': 16, 'vol_q': 0.5739711467486153}. Best is trial 59 with value: 0.7810999724147779.\n",
