            "[I 2026-04-24 18:31:53,772] Trial 45 finished with value: 0.17015315027256536 and parameters: {'n_estimators': 150, 'max_depth': 5, 'learning_rate': 0.1991329367536603, 'subsample': 0.749374799805856, 'colsample_bytree': 0.6324494922529899, 'gamma': 0.21717406085595856, 'reg_alpha': 0.4300745503981659, 'reg_lambda': 1.4279707940081012, 'threshold': 0.6544830259200711, 'adx_th': 15, 'vol_q': 0.5409215656447532}. Best is trial 17 with value: 0.6492728004104102.\n",
            "[I 2026-04-24 18:31:54,605] Trial 46 finished with value: 0.11201870096111137 and parameters: {'n_estimators': 119, 'max_depth': 6, 'learning_rate': 0.16379612871710508, 'subsample': 0.7034108404730328, 'colsample_bytree': 0.6030092440928959, 'gamma': 0.2764119211907392, 'reg_alpha': 0.3473693220375368, 'reg_lambda': 1.551354127952813, 'threshold': 0.6772851904599706, 'adx_th': 24, 'vol_q': 0.5568163868819965}. Best is trial 17 with value: 0.6492728004104102.\n",
            "[I 2026-04-24 18:31:55,502] Trial 47 finished with value: 0.38619416071057344 and parameters: {'n_estimators': 137, 'max_depth': 5, 'learning_rate': 0.14509452543097873, 'subsample': 0.7360281093229717, 'colsample_bytree': 0.6393469629141219, 'gamma': 0.23271182458625034, 'reg_alpha': 0.489765088259901, 'reg_lambda': 1.3592856999681684, 'threshold': 0.6423613972065599, 'adx_th': 22, 'vol_q': 0.5219918695415532}. Best is trial 17 with value: 0.6492728004104102.\n",
            "[I 2026-04-24 18:31:58,351] Trial 48 finished with value: 0.13676890284028323 and parameters: {'n_estimators': 170, 'max_depth': 6, 'learning_rate': 0.17965421592185266, 'subsample': 0.6842376600805938, 'colsample_bytree': 0.6513223688131586, 'gamma': 0.1715583459290778, 'reg_alpha': 0.3057242902793712, 'reg_lambda': 1.222266586456682, 'threshold': 0.6284292141636975, 'adx_th': 15, 'vol_q': 0.5412362529149167}. Best is trial 17 with value: 0.6492728004104102.\n",
            "[I 2026-04-24 18:31:59,577] Trial 49 finished with value: 0.1821108483605592 and parameters: {'n_estimators': 214, 'max_depth': 5, 'learning_rate': 0.09839697706877808, 'subsample': 0.7555280433767954, 'colsample_bytree': 0.740022645318881, 'gamma': 0.30423816723499686, 'reg_alpha': 0.3433688135018809, 'reg_lambda': 1.6825663362659116, 'threshold': 0.6915826015497618, 'adx_th': 13, 'vol_q': 0.5995532828964745}. Best is trial 17 with value: 0.6492728004104102.\n",
            "[I 2026-04-24 18:32:00,171] Trial 50 finished with value: 0.3143165034245212 and parameters: {'n_estimators': 103, 'max_depth': 4, 'learning_rate': 0.1138079441525002, 'subsample': 0.6110272225357064, 'colsample_bytree': 0.687224137515412, 'gamma': 0.21555230628483854, 'reg_alpha': 0.3759902385475842, 'reg_lambda': 1.7520097292972152, 'threshold': 0.6431512959542993, 'adx_th': 14, 'vol_q': 0.5147523167719031}. Best is trial 17 with value: 0.6492728004104102.\n",
            "[I 2026-04-24 18:32:01,892] Trial 51 finished with value: 0.4659455081566446 and parameters: {'n_estimators': 285, 'max_depth': 6, 'learning_rate': 0.13206943324331286, 'subsample': 0.8182771358236078, 'colsample_bytree': 0.8599877560479419, 'gamma': 0.15071600751943157, 'reg_alpha': 0.2713954568420285, 'reg_lambda': 1.2837222102305994, 'threshold': 0.5756432681641613, 'adx_th': 16, 'vol_q': 0.500399350819454}. Best is trial 17 with value: 0.6492728004104102.\n",
            "[I 2026-04-24 18:32:03,552] Trial 52 finished with value: 0.1619964059686554 and parameters: {'n_estimators': 186, 'max_depth': 7, 'learning_rate': 0.1322997955302789, 'subsample': 0.7870652383994126, 'colsample_bytree': 0.8310194238171116, 'gamma': 0.029495159288891605, 'reg_alpha': 0.24022886595661033, 'reg_lambda': 1.4556644722419596, 'threshold': 0.6156291936406573, 'adx_th': 17, 'vol_q': 0.5313664352357328}. Best is trial 17 with value: 0.6492728004104102.\n",
            "[I 2026-04-24 18:32:04,764] Trial 53 finished with value: 0.4411462098472126 and parameters: {'n_estimators': 153, 'max_depth': 6, 'learning_rate': 0.11356267297003839, 'subsample': 0.8379444188161685, 'colsample_bytree': 0.7877648764702481, 'gamma': 0.17723956721288553, 'reg_alpha': 0.38756456144462265, 'reg_lambda': 1.165235958942342, 'threshold': 0.6722493865709497, 'adx_th': 19, 'vol_q': 0.50866698964679}. Best is trial 17 with value: 0.6492728004104102.\n",
            "[I 2026-04-24 18:32:05,821] Trial 54 finished with value: 0.31032105580350816 and parameters: {'n_estimators': 116, 'max_depth': 10, 'learning_rate': 0.15491532518277285, 'subsample': 0.769982310597947, 'colsample_bytree': 0.6178813165855503, 'gamma': 0.2626763122636125, 'reg_alpha': 0.29780770041177346, 'reg_lambda': 1.3821730677821709, 'threshold': 0.5483570606353017, 'adx_th': 21, 'vol_q': 0.5637119987562549}. Best is trial 17 with value: 0.6492728004104102.\n",
            "[I 2026-04-24 18:32:07,407] Trial 55 finished with value: 0.1522502406533878 and parameters: {'n_estimators': 138, 'max_depth': 7, 'learning_rate': 0.023006375437837276, 'subsample': 0.8664260150181906, 'colsample_bytree': 0.7543758242126172, 'gamma': 0.09136900390271369, 'reg_alpha': 0.31008897050029377, 'reg_lambda': 1.6023487772644947, 'threshold': 0.6522293879203902, 'adx_th': 16, 'vol_q': 0.5007720296504627}. Best is trial 17 with value: 0.6492728004104102.\n",
            "[I 2026-04-24 18:32:08,871] Trial 56 finished with value: 0.4117251581654131 and parameters: {'n_estimators': 290, 'max_depth': 3, 'learning_rate': 0.010275822036140829, 'subsample': 0.7373352443861928, 'colsample_bytree': 0.8510532843846473, 'gamma': 0.2281611421111888, 'reg_alpha': 0.34500433958078697, 'reg_lambda': 1.3025597871460368, 'threshold': 0.6066426051504158, 'adx_th': 17, 'vol_q': 0.5394507535712646}. Best is trial 17 with value: 0.6492728004104102.\n",
            "[I 2026-04-24 18:32:12,584] Trial 57 finished with value: 0.5857084578476178 and parameters: {'n_estimators': 259, 'max_depth': 9, 'learning_rate': 0.13515883272759788, 'subsample': 0.8230840171090317, 'colsample_bytree': 0.8963524966292026, 'gamma': 0.05446818502912648, 'reg_alpha': 0.20893446402887766, 'reg_lambda': 1.2206968136675733, 'threshold': 0.5882253008147251, 'adx_th': 15, 'vol_q': 0.6233661066680692}. Best is trial 17 with value: 0.6492728004104102.\n",
            "[I 2026-04-24 18:32:15,008] Trial 58 finished with value: 0.19054605400064895 and parameters: {'n_estimators': 254, 'max_depth': 10, 'learning_rate': 0.14971072938803212, 'subsample': 0.7963762287552143, 'colsample_bytree': 0.9001724847499295, 'gamma': 0.05169252063169538, 'reg_alpha': 0.21220393206227073, 'reg_lambda': 1.4708514432766335, 'threshold': 0.5166105170169164, 'adx_th': 14, 'vol_q': 0.719101035007191}. Best is trial 17 with value: 0.6492728004104102.\n",
            "[I 2026-04-24 18:32:19,567] Trial 59 finished with value: 0.7810999724147779 and parameters: {'n_estimators': 231, 'max_depth': 9, 'learning_rate': 0.05926800965134961, 'subsample': 0.8226497938113345, 'colsample_bytree': 0.9290969672962315, 'gamma': 0.20177854428165073, 'reg_alpha': 0.42853927910978656, 'reg_lambda': 1.5140738375972809, 'threshold': 0.63430994037451, 'adx_th': 15, 'vol_q': 0.6201367523746328}. Best is trial 59 with value: 0.7810999724147779.\n",
            "[I 2026-04-24 18:32:24,512] Trial 60 finished with value: 0.3752581142129873 and parameters: {'n_estimators': 222, 'max_depth': 9, 'learning_rate': 0.05851223222880468, 'subsample': 0.8254370221251922, 'colsample_bytree': 0.9482397996240481, 'gamma': 0.000300156305216126, 'reg_alpha': 0.43001860207457815, 'reg_lambda': 1.8373397413768875, 'threshold': 0.6243882137881331, 'adx_th': 15, 'vol_q': 0.6265504725706903}. Best is trial 59 with value: 0.7810999724147779.\n",
            "[I 2026-04-24 18:32:27,073] Trial 61 finished with value: 0.09284373344030405 and parameters: {'n_estimators': 269, 'max_depth': 9, 'learning_rate': 0.07567115517636233, 'subsample': 0.8498085606403258, 'colsample_bytree': 0.9285758819560956, 'gamma': 0.2050327321918302, 'reg_alpha': 0.14481083019578492, 'reg_lambda': 1.5321908534858164, 'threshold': 0.635430042014494, 'adx_th': 13, 'vol_q': 0.6463688135710317}. Best is trial 59 with value: 0.7810999724147779.\n",
            "[I 2026-04-24 18:32:30,073] Trial 62 finished with value: 0.20531691083823123 and parameters: {'n_estimators': 243, 'max_depth': 8, 'learning_rate': 0.036842336968104475, 'subsample': 0.7990488306458353, 'colsample_bytree': 0.9746535849140323, 'gamma': 0.14578960443003977, 'reg_alpha': 0.44677639479450404, 'reg_lambda': 1.4942215579382296, 'threshold': 0.6630850081197969, 'adx_th': 15, 'vol_q': 0.5873969565046518}. Best is trial 59 with value: 0.7810999724147779.\n",
            "[I 2026-04-24 18:32:32,664] Trial 63 finished with value: 0.1653532285125555 and parameters: {'n_estimators': 196, 'max_depth': 9, 'learning_rate': 0.051776421909094504, 'subsample': 0.8114097638814194, 'colsample_bytree': 0.8987885981426222, 'gamma': 0.1740734469733933, 'reg_alpha': 0.4785786826427772, 'reg_lambda': 1.3165189745017356, 'threshold': 0.6367252874678988, 'adx_th': 11, 'vol_q': 0.6909749893685166}. Best is trial 59 with value: 0.7810999724147779.\n",
            "[I 2026-04-24 18:32:36,670] Trial 64 finished with value: 0.7222243519221454 and parameters: {'n_estimators': 167, 'max_depth': 9, 'learning_rate': 0.06184767995702341, 'subsample': 0.7728085138252749, 'colsample_bytree': 0.8727105971436558, 'gamma': 0.11949068625004364, 'reg_alpha': 0.4046707464877103, 'reg_lambda': 1.4102474298281833, 'threshold': 0.646972606507912, 'adx_th': 16, 'vol_q': 0.516125400596197}. Best is trial 59 with value: 0.7810999724147779.\n",
            "[I 2026-04-24 18:32:38,625] Trial 65 finished with value: 0.03141009813534468 and parameters: {'n_estimators': 147, 'max_depth': 9, 'learning_rate': 0.0616345728070384, 'subsample': 0.7670046169317506, 'colsample_bytree': 0.8706874544618272, 'gamma': 0.11390070787181757, 'reg_alpha': 0.4186535237007824, 'reg_lambda': 1.3932927375137862, 'threshold': 0.646881729117332, 'adx_th': 16, 'vol_q': 0.6124630139840241}. Best is trial 59 with value: 0.7810999724147779.\n",
            "[I 2026-04-24 18:32:40,994] Trial 66 finished with value: -0.031239826279681814 and parameters: {'n_estimators': 164, 'max_depth': 9, 'learning_rate': 0.04623302650010585, 'subsample': 0.8408081310056058, 'colsample_bytree': 0.922997389617226, 'gamma': 0.24081966036826047, 'reg_alpha': 0.39982438768131645, 'reg_lambda': 1.5658684074138889, 'threshold': 0.6122751378127813, 'adx_th': 14, 'vol_q': 0.7530134975458282}. Best is trial 59 with value: 0.7810999724147779.\n",
            "[I 2026-04-24 18:32:43,524] Trial 67 finished with value: 0.3543275383102387 and parameters: {'n_estimators': 224, 'max_depth': 8, 'learning_rate': 0.07943251178381727, 'subsample': 0.8262334911177984, 'colsample_bytree': 0.9652818615099162, 'gamma': 0.02319527110745058, 'reg_alpha': 0.0952498689408826, 'reg_lambda': 1.2369675695566247, 'threshold': 0.5893983488029785, 'adx_th': 15, 'vol_q': 0.6485702219293146}. Best is trial 59 with value: 0.7810999724147779.\n",
            "[I 2026-04-24 18:32:45,989] Trial 68 finished with value: 0.7434575552835541 and parameters: {'n_estimators': 183, 'max_depth': 10, 'learning_rate': 0.04178731621611692, 'subsample': 0.745163903550447, 'colsample_bytree': 0.8741688521212848, 'gamma': 0.3274621629584297, 'reg_alpha': 0.3917788561296477, 'reg_lambda': 1.4221117932149234, 'threshold': 0.5749614066545647, 'adx_th': 12, 'vol_q': 0.5909900909036029}. Best is trial 59 with value: 0.7810999724147779.\n",
            "[I 2026-04-24 18:32:50,131] Trial 69 finished with value: 0.4714720910237183 and parameters: {'n_estimators': 181, 'max_depth': 10, 'learning_rate': 0.04385926889518245, 'subsample': 0.8883931198220076, 'colsample_bytree': 0.8876605628483585, 'gamma': 0.33983998373098206, 'reg_alpha': 0.36886233680278757, 'reg_lambda': 1.4346931550798432, 'threshold': 0.5708676069392113, 'adx_th': 12, 'vol_q': 0.6636242289090445}. Best is trial 59 with value: 0.7810999724147779.\n",
            "[I 2026-04-24 18:32:53,009] Trial 70 finished with value: 0.3996105316700273 and parameters: {'n_estimators': 196, 'max_depth': 10, 'learning_rate': 0.018808333416407266, 'subsample': 0.7284787689638699, 'colsample_bytree': 0.8675703071822711, 'gamma': 0.41557117859741044, 'reg_alpha': 0.4465446668610728, 'reg_lambda': 1.1193346620894182, 'threshold': 0.5539981784919561, 'adx_th': 13, 'vol_q': 0.6289974676634942}. Best is trial 59 with value: 0.7810999724147779.\n",
            "[I 2026-04-24 18:32:54,590] Trial 71 finished with value: 0.647650992409833 and parameters: {'n_estimators': 162, 'max_depth': 10, 'learning_rate': 0.08859889110809778, 'subsample': 0.7625681228521307, 'colsample_bytree': 0.921582835210133, 'gamma': 0.4771293615674908, 'reg_alpha': 0.38906452588439616, 'reg_lambda': 1.3426470028203548, 'threshold': 0.5709274372470182, 'adx_th': 11, 'vol_q': 0.5952765710976496}. Best is trial 59 with value: 0.7810999724147779.\n",
            "[I 2026-04-24 18:32:56,366] Trial 72 finished with value: 0.5088108772170327 and parameters: {'n_estimators': 162, 'max_depth': 10, 'learning_rate': 0.0888253078593964, 'subsample': 0.7488665917355516, 'colsample_bytree': 0.9137595298979194, 'gamma': 0.36458556406936754, 'reg_alpha': 0.38802193385348643, 'reg_lambda': 1.3654226250711887, 'threshold': 0.5844131914795588, 'adx_th': 11, 'vol_q': 0.5846488491525706}. Best is trial 59 with value: 0.7810999724147779.\n",
            "[I 2026-04-24 18:32:58,380] Trial 73 finished with value: 0.6014520025985925 and parameters: {'n_estimators': 207, 'max_depth': 10, 'learning_rate': 0.06615795122595568, 'subsample': 0.7038984445066808, 'colsample_bytree': 0.9333613819473456, 'gamma': 0.4763150961392877, 'reg_alpha': 0.42581894041170243, 'reg_lambda': 1.2728779416462785, 'threshold': 0.5708028458947496, 'adx_th': 12, 'vol_q': 0.6152985294977612}. Best is trial 59 with value: 0.7810999724147779.\n",
            "[I 2026-04-24 18:33:02,236] Trial 74 finished with value: 0.47963742292841016 and parameters: {'n_estimators': 206, 'max_depth': 10, 'learning_rate': 0.06535490504308372, 'subsample': 0.6918114292254516, 'colsample_bytree': 0.9388473995374856, 'gamma': 0.4786578550738029, 'reg_alpha': 0.4248198232499505, 'reg_lambda': 1.2700635895204941, 'threshold': 0.541732859368339, 'adx_th': 12, 'vol_q': 0.6379204500049808}. Best is trial 59 with value: 0.7810999724147779.\n",
            "[I 2026-04-24 18:33:04,540] Trial 75 finished with value: 0.4657174949087453 and parameters: {'n_estimators': 234, 'max_depth': 9, 'learning_rate': 0.05418638939400297, 'subsample': 0.6603694556538896, 'colsample_bytree': 0.8992377941977187, 'gamma': 0.4379247460699313, 'reg_alpha': 0.4755144420624367, 'reg_lambda': 1.2064959558994055, 'threshold': 0.5702418959137261, 'adx_th': 10, 'vol_q': 0.6100824631468734}. Best is trial 59 with value: 0.7810999724147779.\n",
            "[I 2026-04-24 18:33:07,036] Trial 76 finished with value: 0.4929983711951773 and parameters: {'n_estimators': 225, 'max_depth': 10, 'learning_rate': 0.03971460074107445, 'subsample': 0.7143191732850983, 'colsample_bytree': 0.8493586949645044, 'gamma': 0.47127755595427545, 'reg_alpha': 0.452093298241991, 'reg_lambda': 1.352013258927248, 'threshold': 0.559197568014208, 'adx_th': 12, 'vol_q': 0.5983538197502091}. Best is trial 59 with value: 0.7810999724147779.\n",
            "[I 2026-04-24 18:33:08,940] Trial 77 finished with value: 0.5347902865999202 and parameters: {'n_estimators': 202, 'max_depth': 10, 'learning_rate': 0.0712577392793567, 'subsample': 0.6650437367731121, 'colsample_bytree': 0.8782928984783914, 'gamma': 0.49731987303844816, 'reg_alpha': 0.40447854590618126, 'reg_lambda': 1.3215885557168376, 'threshold': 0.6031160006673113, 'adx_th': 10, 'vol_q': 0.6139271310929785}. Best is trial 59 with value: 0.7810999724147779.\n",
            "[I 2026-04-24 18:33:10,449] Trial 78 finished with value: 0.44503069204965523 and parameters: {'n_estimators': 181, 'max_depth': 9, 'learning_rate': 0.09376451440450179, 'subsample': 0.8129817982634922, 'colsample_bytree': 0.933037607889433, 'gamma': 0.443119786523077, 'reg_alpha': 0.43828140236720853, 'reg_lambda': 1.5000602475069618, 'threshold': 0.5801434463808891, 'adx_th': 11, 'vol_q': 0.5690034378486405}. Best is trial 59 with value: 0.7810999724147779.\n",
            "[I 2026-04-24 18:33:14,441] Trial 79 finished with value: 0.6479547313350447 and parameters: {'n_estimators': 260, 'max_depth': 9, 'learning_rate': 0.08364058144850228, 'subsample': 0.7016038026193311, 'colsample_bytree': 0.9178807135909814, 'gamma': 0.38670144952766217, 'reg_alpha': 0.02962327266354145, 'reg_lambda': 1.257607749330667, 'threshold': 0.5669502770761518, 'adx_th': 13, 'vol_q': 0.5938898426843818}. Best is trial 59 with value: 0.7810999724147779.\n",
            "[I 2026-04-24 18:33:16,530] Trial 80 finished with value: 0.11460745555502728 and parameters: {'n_estimators': 266, 'max_depth': 9, 'learning_rate': 0.08349996682493055, 'subsample': 0.7190592793304033, 'colsample_bytree': 0.9601116059244786, 'gamma': 0.38669017833308006, 'reg_alpha': 0.36175524284701105, 'reg_lambda': 1.2314660225237728, 'threshold': 0.5671467248402641, 'adx_th': 13, 'vol_q': 0.6400420872778934}. Best is trial 59 with value: 0.7810999724147779.\n",
            "[I 2026-04-24 18:33:18,641] Trial 81 finished with value: 0.502226970693664 and parameters: {'n_estimators': 245, 'max_depth': 10, 'learning_rate': 0.05866492942105532, 'subsample': 0.8013645953747325, 'colsample_bytree': 0.9203590393797352, 'gamma': 0.4513619102746491, 'reg_alpha': 0.4145036202190089, 'reg_lambda': 1.131436774028249, 'threshold': 0.5468037757486626, 'adx_th': 12, 'vol_q': 0.5886452045702874}. Best is trial 59 with value: 0.7810999724147779.\n",
            "[I 2026-04-24 18:33:20,867] Trial 82 finished with value: 0.36753077820110364 and parameters: {'n_estimators': 263, 'max_depth': 9, 'learning_rate': 0.0747886377400351, 'subsample': 0.7029552925630149, 'colsample_bytree': 0.8921499675041608, 'gamma': 0.33836596886789666, 'reg_alpha': 0.024226508041131578, 'reg_lambda': 1.2892421302883925, 'threshold': 0.5761661190661252, 'adx_th': 11, 'vol_q': 0.6608374858305053}. Best is trial 59 with value: 0.7810999724147779.\n",
            "[I 2026-04-24 18:33:23,196] Trial 83 finished with value: 0.4739541728759044 and parameters: {'n_estimators': 215, 'max_depth': 10, 'learning_rate': 0.06453465365524946, 'subsample': 0.7064726921526197, 'colsample_bytree': 0.9072356860223858, 'gamma': 0.38807294708483697, 'reg_alpha': 0.07260983668255755, 'reg_lambda': 1.199417408952222, 'threshold': 0.5880691361547649, 'adx_th': 12, 'vol_q': 0.6178489388807271}. Best is trial 59 with value: 0.7810999724147779.\n",
            "[I 2026-04-24 18:33:27,587] Trial 84 finished with value: 0.4442338437333333 and parameters: {'n_estimators': 313, 'max_depth': 10, 'learning_rate': 0.05167555726891246, 'subsample': 0.6702501437495128, 'colsample_bytree': 0.8215981391087231, 'gamma': 0.43381625594387385, 'reg_alpha': 0.007856576938065248, 'reg_lambda': 1.0691833333403142, 'threshold': 0.5402336496915445, 'adx_th': 13, 'vol_q': 0.5786287971858013}. Best is trial 59 with value: 0.7810999724147779.\n",
            "[I 2026-04-24 18:33:29,213] Trial 85 finished with value: 0.3962265773783317 and parameters: {'n_estimators': 174, 'max_depth': 9, 'learning_rate': 0.08196781552215981, 'subsample': 0.6489592196192969, 'colsample_bytree': 0.8728334466176862, 'gamma': 0.4827578868301824, 'reg_alpha': 0.16022405206511578, 'reg_lambda': 1.2650574474648464, 'threshold': 0.556511907265047, 'adx_th': 11, 'vol_q': 0.5944518658223261}. Best is trial 59 with value: 0.7810999724147779.\n",
            "[I 2026-04-24 18:33:31,030] Trial 86 finished with value: 0.32892939384282244 and parameters: {'n_estimators': 278, 'max_depth': 8, 'learning_rate': 0.09762892136655561, 'subsample': 0.7636368149678425, 'colsample_bytree': 0.9131523030479604, 'gamma': 0.4646075442356196, 'reg_alpha': 0.4690359385065099, 'reg_lambda': 1.4066085987994472, 'threshold': 0.5270746721825665, 'adx_th': 14, 'vol_q': 0.6342587565302183}. Best is trial 59 with value: 0.7810999724147779.\n",
            "[I 2026-04-24 18:33:33,894] Trial 87 finished with value: 0.6474559084076293 and parameters: {'n_estimators': 251, 'max_depth': 9, 'learning_rate': 0.033697606729289196, 'subsample': 0.8452012564964264, 'colsample_bytree': 0.9393685346348438, 'gamma': 0.41114632970345527, 'reg_alpha': 0.40326205341542487, 'reg_lambda': 1.3389176859491707, 'threshold': 0.5654676749298413, 'adx_th': 14, 'vol_q': 0.5648412821772302}. Best is trial 59 with value: 0.7810999724147779.\n",
            "[I 2026-04-24 18:33:36,753] Trial 88 finished with value: 0.5029856802748899 and parameters: {'n_estimators': 252, 'max_depth': 9, 'learning_rate': 0.03221142512689795, 'subsample': 0.7267261173225095, 'colsample_bytree': 0.9429654424821137, 'gamma': 0.412018215088781, 'reg_alpha': 0.39298773827179967, 'reg_lambda': 1.4509955405410837, 'threshold': 0.5499791733546138, 'adx_th': 14, 'vol_q': 0.5648492682804264}. Best is trial 59 with value: 0.7810999724147779.\n",
            "[I 2026-04-24 18:33:41,612] Trial 89 finished with value: 0.43883052196956024 and parameters: {'n_estimators': 241, 'max_depth': 10, 'learning_rate': 0.04086540276830858, 'subsample': 0.7405233322707777, 'colsample_bytree': 0.9534859612909123, 'gamma': 0.3992319395600578, 'reg_alpha': 0.10528990096368242, 'reg_lambda': 1.3326965879788792, 'threshold': 0.5954563490695444, 'adx_th': 16, 'vol_q': 0.6022338605272168}. Best is trial 59 with value: 0.7810999724147779.\n",
