            "[I 2026-04-24 18:34:06,243] Trial 99 finished with value: 0.4587082591127309 and parameters: {'n_estimators': 161, 'max_depth': 8, 'learning_rate': 0.08536415427802971, 'subsample': 0.9004014823450833, 'colsample_bytree': 0.9750290991649525, 'gamma': 0.3835645621647548, 'reg_alpha': 0.43706281314751383, 'reg_lambda': 1.361642693307765, 'threshold': 0.6220521189456414, 'adx_th': 15, 'vol_q': 0.5492623656711677}. Best is trial 59 with value: 0.7810999724147779.\n"
          ]
        },
        {
          "output_type": "stream",
          "name": "stdout",
          "text": [
            "BEST SHARPE PARAMS:\n",
            "{'n_estimators': 231, 'max_depth': 9, 'learning_rate': 0.05926800965134961, 'subsample': 0.8226497938113345, 'colsample_bytree': 0.9290969672962315, 'gamma': 0.20177854428165073, 'reg_alpha': 0.42853927910978656, 'reg_lambda': 1.5140738375972809, 'threshold': 0.63430994037451, 'adx_th': 15, 'vol_q': 0.6201367523746328}\n"
          ]
        }
      ]
    },
    {
      "cell_type": "code",
      "source": [
        "# ======================\n",
        "# 最終モデル + 最終バックテスト\n",
        "# ======================\n",
        "\n",
        "from xgboost import XGBClassifier\n",
        "\n",
        "# --- Optunaの最適パラメータ取得 ---\n",
        "best_params = study.best_params.copy()\n",
        "\n",
        "# thresholdは別で使う\n",
        "best_threshold = best_params.pop('threshold')\n",
        "\n",
        "print(\"Best threshold:\", best_threshold)\n",
        "print(\"Best model params:\", best_params)\n",
        "\n",
        "# ======================\n",
        "# モデル再学習（全訓練データ）\n",
        "# ======================\n",
        "\n",
        "# SMOTE（訓練データのみ）\n",
        "from imblearn.over_sampling import SMOTE\n",
        "\n",
        "smote = SMOTE(random_state=42)\n",
        "X_train_resampled, y_train_resampled = smote.fit_resample(X_train, y_train)\n",
        "\n",
        "# モデル作成\n",
        "final_model = XGBClassifier(\n",
        "    **best_params,\n",
        "    random_state=42,\n",
        "    eval_metric='logloss',\n",
        "    n_jobs=-1\n",
        ")\n",
        "\n",
        "# 学習\n",
        "final_model.fit(X_train_resampled, y_train_resampled)\n",
        "\n",
        "# ======================\n",
        "# 予測\n",
        "# ======================\n",
        "\n",
        "proba_final = final_model.predict_proba(X_test)[:, 1]\n",
        "\n",
        "# ======================\n",
        "# 戦略（最適threshold）\n",
        "# ======================\n",
        "\n",
        "strategy_final = (proba_final > best_threshold).astype(int)\n",
        "\n",
        "# Series化（重要）\n",
        "signals_final = pd.Series(strategy_final, index=X_test.index)\n",
        "\n",
        "# ======================\n",
        "# バックテスト\n",
        "# ======================\n",
        "\n",
        "results_final, equity_final = run_backtest(df, X_test, signals_final)\n",
        "\n",
        "# ======================\n",
        "# 結果表示\n",
        "# ======================\n",
        "\n",
        "print(\"===== FINAL RESULT =====\")\n",
        "for k, v in results_final.items():\n",
        "    print(f\"{k}: {v}\")"
      ],
      "metadata": {
        "colab": {
          "base_uri": "https://localhost:8080/"
        },
        "id": "QUe_EN6_cMz2",
        "outputId": "472aa006-c268-4591-a3ed-430e7875782b"
      },
      "execution_count": 43,
      "outputs": [
        {
          "output_type": "stream",
          "name": "stdout",
          "text": [
            "Best threshold: 0.63430994037451\n",
            "Best model params: {'n_estimators': 231, 'max_depth': 9, 'learning_rate': 0.05926800965134961, 'subsample': 0.8226497938113345, 'colsample_bytree': 0.9290969672962315, 'gamma': 0.20177854428165073, 'reg_alpha': 0.42853927910978656, 'reg_lambda': 1.5140738375972809, 'adx_th': 15, 'vol_q': 0.6201367523746328}\n"
          ]
        },
        {
          "output_type": "stream",
          "name": "stderr",
          "text": [
            "/usr/local/lib/python3.12/dist-packages/xgboost/training.py:200: UserWarning: [18:34:15] WARNING: /__w/xgboost/xgboost/src/learner.cc:782: \n",
            "Parameters: { \"adx_th\", \"vol_q\" } are not used.\n",
            "\n",
            "  bst.update(dtrain, iteration=i, fobj=obj)\n"
          ]
        },
        {
          "output_type": "stream",
          "name": "stdout",
          "text": [
            "===== FINAL RESULT =====\n",
            "Final Balance: 109771.19639219882\n",
            "Total Return (%): 9.77119639219881\n",
            "Total Trades: 14\n",
            "Win Rate (%): 42.857142857142854\n"
          ]
        }
      ]
    },
    {
      "cell_type": "code",
      "source": [
        "import matplotlib.pyplot as plt\n",
        "\n",
        "plt.plot(equity_final)\n",
        "plt.title(\"Final Strategy Equity Curve\")\n",
        "plt.show()"
      ],
      "metadata": {
        "colab": {
          "base_uri": "https://localhost:8080/",
          "height": 452
        },
        "id": "9Uvq9oIjcMxQ",
        "outputId": "571c4401-f953-488f-f1e3-658999b05d89"
      },
      "execution_count": 44,
      "outputs": [
        {
          "output_type": "display_data",
          "data": {
            "text/plain": [
              "<Figure size 640x480 with 1 Axes>"
            ],
            "image/png": "iVBORw0KGgoAAAANSUhEUgAAAkIAAAGzCAYAAADDgXghAAAAOnRFWHRTb2Z0d2FyZQBNYXRwbG90bGliIHZlcnNpb24zLjEwLjAsIGh0dHBzOi8vbWF0cGxvdGxpYi5vcmcvlHJYcgAAAAlwSFlzAAAPYQAAD2EBqD+naQAAYzVJREFUeJzt3Xl4U1X+P/B3uiQthXRhaSlLLYtgAUGK1iCrdAhYGQr8RrbBoijCtzgsClhFQHQGBVxAEXRwLArKogODBSkVBFQiSKWyKJtWy5aiQhNa6Jac3x8lt0m3JLTJbdL363nyaO49vffkctv7yTmfc45CCCFARERE1AD5yF0BIiIiIrkwECIiIqIGi4EQERERNVgMhIiIiKjBYiBEREREDRYDISIiImqwGAgRERFRg8VAiIiIiBosBkJERETUYDEQInKhX3/9FQqFAqmpqS49z2233YaJEye69BzkXnv37oVCocDevXvlrgqRV2MgRFQLqampUCgUVb6eeeYZuatXSX5+PhYsWICuXbsiKCgITZs2RY8ePTB9+nRcvHhRKrdjxw4sXLjQJXW4fv06Fi5c6BEP+IkTJ1b77xsQEOD2+nz00Ud44403XHLswsJCvP7664iLi0NwcDACAgJw++23Y9q0aTh9+rRLzklUH/jJXQEib7Bo0SJER0fbbOvatSuioqJw48YN+Pv7y1SzciUlJejXrx9OnjyJpKQkPPnkk8jPz8eJEyfw0UcfYcSIEYiMjARQFgitXLnSJcHQ9evX8cILLwAABgwYUOfHr2sqlQpr1qyptN3X19el5+3Xrx9u3LgBpVIpbfvoo49w/PhxzJgxo07P9ccff2DIkCHIzMzEgw8+iHHjxqFx48Y4deoUNmzYgHfffRfFxcV1ek6i+oKBEFEdGDp0KHr16lXlPjlaDqqydetWHDlyBOvXr8e4ceNs9hUWFt7yg660tBRms9nmge1N/Pz88Pe//93t5/Xx8XHbvTNx4kQcOXIEn3zyCUaNGmWz78UXX8Rzzz1XJ+fx9nuFPBO7xohcqKocoYkTJ6Jx48a4cOECEhMT0bhxYzRv3hxPP/00TCaTzc8vW7YMvXv3RtOmTREYGIjY2Fh88sknt1SXn3/+GQBw3333VdoXEBAAtVot1W/lypUAYNMVZP15li1bhjfeeAPt27eHSqXCjz/+iOLiYsyfPx+xsbEIDg5GUFAQ+vbtiy+//NLmejRv3hwA8MILL0jHtm55OnnyJP7f//t/CAsLQ0BAAHr16oVt27ZVqvPRo0fRv39/BAYGonXr1njppZfw/vvvQ6FQ4NdffwUAJCUloVmzZigpKan084MHD0anTp1u4UpW7cSJE7j//vtt6vOf//zHpj4AKn1ei4p5XhVzhAYMGIDt27fjt99+k67bbbfdhvz8fAQFBWH69OmVjnn+/Hn4+vpi8eLF1db74MGD2L59OyZNmlQpCALKWsSWLVsmvR8wYECVLXkTJ07EbbfdJr2v7l45cuQI/Pz8pFZBa6dOnYJCocBbb70lbcvLy8OMGTPQpk0bqFQqdOjQAa+88grMZnO1n4nIGWwRIqoDBoMBf/zxh822Zs2aVVveZDJBq9UiLi4Oy5YtwxdffIFXX30V7du3x9SpU6Vyy5cvx1//+leMHz8excXF2LBhA/72t78hLS0NCQkJTtUxKioKAPDBBx9g3rx5UnBT0RNPPIGLFy8iIyMDH374YZVl3n//fRQWFmLy5MlQqVQICwuD0WjEmjVrMHbsWDz++OO4du0a3nvvPWi1Whw6dAg9evRA8+bNsWrVKkydOhUjRozAyJEjAQB33nkngLJg4r777kOrVq3wzDPPICgoCJs2bUJiYiI+/fRTjBgxAgBw4cIFDBw4EAqFAikpKQgKCsKaNWugUqls6jlhwgR88MEHSE9Px4MPPiht1+v12LNnDxYsWODQtav4bwsASqVSCh71ej0GDhyI0tJSqd7vvvsuAgMDHTq+I5577jkYDAacP38er7/+OgCgcePGaNy4MUaMGIGNGzfitddes+my+/jjjyGEwPjx46s9riXInDBhQp3V1VrFe6Vly5bo378/Nm3aVOn6b9y4Eb6+vvjb3/4GoKwbtX///rhw4QKeeOIJtG3bFgcOHEBKSgouXbrksnwpamAEEd2y999/XwCo8iWEENnZ2QKAeP/996WfSUpKEgDEokWLbI511113idjYWJtt169ft3lfXFwsunbtKu6//36b7VFRUSIpKanGul6/fl106tRJABBRUVFi4sSJ4r333hO5ubmVyiYnJ4uq/jxYPo9arRaXL1+22VdaWiqKiopstl29elWEh4eLRx99VNr2+++/CwBiwYIFlY4/aNAg0a1bN1FYWChtM5vNonfv3qJjx47StieffFIoFApx5MgRaduff/4pwsLCBACRnZ0thBDCZDKJ1q1bi9GjR9uc57XXXhMKhUL88ssvlS+UFcu/VVUvrVYrlZsxY4YAIA4ePChtu3z5sggODrapjxCi2s9e8d/wyy+/FADEl19+KW1LSEgQUVFRlX42PT1dABCff/65zfY777xT9O/fv8bPOGLECAFAXL16tcZyFv3796/ymElJSTZ1q+leeeeddwQAcezYMZvtMTExNvf2iy++KIKCgsTp06dtyj3zzDPC19dX5OTkOFRnopqwa4yoDqxcuRIZGRk2L3umTJli875v37745ZdfbLZZtyhcvXoVBoMBffv2xffff+90HQMDA3Hw4EHMnj0bQNmIt0mTJqFly5Z48sknUVRU5PCxRo0aJXVxWfj6+kq5H2azGVeuXEFpaSl69erlUH2vXLmCPXv24KGHHsK1a9fwxx9/4I8//sCff/4JrVaLM2fO4MKFCwCAnTt3QqPRoEePHtLPh4WFVWr58PHxwfjx47Ft2zZcu3ZN2r5+/Xr07t27UoJ7VQICAir922ZkZODll1+WyuzYsQP33nsv7rnnHmlb8+bNa2yJqUvx8fGIjIzE+vXrpW3Hjx/H0aNH7eY3GY1GAECTJk1cUreq7pWRI0fCz88PGzdulLYdP34cP/74I0aPHi1t27x5M/r27YvQ0FDpfvjjjz8QHx8Pk8mE/fv3u6TO1LCwa4yoDtxzzz3VJktXJSAgoNLDITQ0FFevXrXZlpaWhpdeeglZWVk2gUp13Vr2BAcHY8mSJViyZAl+++037N69G8uWLcNbb72F4OBgvPTSSw4dp7oAYu3atXj11Vdx8uRJm7wcRwKOs2fPQgiB559/Hs8//3yVZS5fvoxWrVrht99+g0ajqbS/Q4cOlbY9/PDDeOWVV7BlyxY8/PDDOHXqFDIzM7F69Wq7dQLKArz4+Pgay/z222+Ii4urtL0uc5BqYgn4Vq1ahevXr6NRo0ZYv349AgICpG6m6li6965du4aQkJA6r1tV//bNmjXDoEGDsGnTJrz44osAyrrF/Pz8pO5SADhz5gyOHj1a6XfF4vLly3VeX2p42CJEJANHhl5/9dVX+Otf/4qAgAC8/fbb2LFjBzIyMjBu3DgIIWpdh6ioKDz66KP45ptvEBISYtOaYE9VuS/r1q3DxIkT0b59e7z33nvYuXMnMjIycP/99zuU2Gop8/TTT1fZApORkVFloGNPTEwMYmNjsW7dOqmeSqUSDz30kNPHcqWKifLOevjhh5Gfn4+tW7dCCIGPPvoIDz74IIKDg2v8uc6dOwMAjh075tB5qgvCq6t/dXlSY8aMwenTp5GVlQUA2LRpEwYNGmSTW2c2m/GXv/yl2vuhquRuImexRYionvr0008REBCA9PR0myTg999/v07PExoaivbt2+P48ePStltpcfrkk0/Qrl07/Pe//7X5+YoJsdUdu127dgAAf39/uy0wUVFROHv2bKXtVW0DyoKEWbNm4dKlS/joo4+QkJCA0NDQGs/hjKioKJw5c6bS9lOnTlXaFhoairy8PJttxcXFuHTpkt3z1PTv0rVrV9x1111Yv349WrdujZycHLz55pt2jzls2DAsXrwY69atQ9++fe2WDw0NrdSFC5S1ijkjMTERTzzxhNQ9dvr0aaSkpNiUad++PfLz8+3eD0S1wRYhonrK19cXCoXC5pv2r7/+iq1bt97S8X744YcqRz/99ttv+PHHH226cYKCggCg0gPbXn0B2LRWHTx4EDqdzqZco0aNqjx2ixYtMGDAALzzzjtVBgW///679P9arRY6nU5qTQDKcoyqa9UaO3YsFAoFpk+fjl9++aXO5wV64IEH8O233+LQoUM29a2qPu3bt6+U2/Luu+861CIUFBQEg8FQ7f4JEyZg165deOONN9C0aVMMHTrU7jE1Gg2GDBmCNWvWVHlvFRcX4+mnn7ap/8mTJ23+PX744Qd88803ds9lLSQkBFqtFps2bcKGDRugVCqRmJhoU+ahhx6CTqdDenp6pZ/Py8tDaWmpU+ckqgpbhIjqqYSEBLz22msYMmQIxo0bh8uXL2PlypXo0KEDjh496vTxMjIysGDBAvz1r3/Fvffei8aNG+OXX37Bf/7zHxQVFdnMbRMbGwsA+Mc//gGtVgtfX1+MGTOmxuM/+OCD+O9//4sRI0YgISEB2dnZWL16NWJiYpCfny+VCwwMRExMDDZu3Ijbb78dYWFh6Nq1K7p27YqVK1eiT58+6NatGx5//HG0a9cOubm50Ol0OH/+PH744QcAwJw5c7Bu3Tr85S9/wZNPPikNn2/bti2uXLlSqeWkefPmGDJkCDZv3oyQkBCnph4oLS2VutUqGjFiBIKCgjBnzhx8+OGHGDJkCKZPny4Nn4+Kiqr0b/XYY49hypQpGDVqFP7yl7/ghx9+QHp6eo3TLVjExsZi48aNmDVrFu6++240btwYw4YNk/aPGzcOc+bMwZYtWzB16lSHZzT/4IMPMHjwYIwcORLDhg3DoEGDEBQUhDNnzmDDhg24dOmSNJfQo48+itdeew1arRaTJk3C5cuXsXr1anTp0kVKvHbU6NGj8fe//x1vv/02tFptpRyl2bNnY9u2bXjwwQcxceJExMbGoqCgAMeOHcMnn3yCX3/91aHrRlQjeQetEXk2y/D57777rsr91Q2fDwoKqlR2wYIFlYasv/fee6Jjx45CpVKJzp07i/fff7/Kco4Mn//ll1/E/Pnzxb333itatGgh/Pz8RPPmzUVCQoLYs2ePTdnS0lLx5JNPiubNmwuFQlFpOoClS5dWOr7ZbBb/+te/RFRUlFCpVOKuu+4SaWlplYZVCyHEgQMHRGxsrFAqlZWGk//888/i4YcfFhEREcLf31+0atVKPPjgg+KTTz6xOcaRI0dE3759hUqlEq1btxaLFy8WK1asEACEXq+vVL9NmzYJAGLy5Mk1XidrNQ2fR4Vh8UePHhX9+/cXAQEBolWrVuLFF18U7733XqVyJpNJzJ07VzRr1kw0atRIaLVacfbsWYeGz+fn54tx48aJkJAQaRqEih544AEBQBw4cMDhzylE2fQKy5YtE3fffbdo3LixUCqVomPHjuLJJ58UZ8+etSm7bt060a5dO6FUKkWPHj1Eenp6tcPnq7pXLIxGowgMDBQAxLp166osc+3aNZGSkiI6dOgglEqlaNasmejdu7dYtmyZKC4uduozElVFIUQdZF0SEdUDM2bMwDvvvIP8/PxKCen/+9//kJiYiP379zuUC1MXUlNT8cgjjyA7O9tm1mVXGjFiBI4dO1ZtvhQR2WKOEBF5pBs3bti8//PPP/Hhhx+iT58+VY7K+/e//4127dqhT58+7qqi2126dAnbt2932SzRRN6IOUJE5JE0Gg0GDBiAO+64A7m5uXjvvfdgNBorzUG0YcMGHD16FNu3b8fy5ctveQ6m+iw7OxvffPMN1qxZA39/fzzxxBNyV4nIYzAQIiKP9MADD+CTTz7Bu+++C4VCgZ49e+K9995Dv379bMqNHTsWjRs3xqRJk/B///d/MtXWtfbt24dHHnkEbdu2xdq1axERESF3lYg8BnOEiIiIqMFijhARERE1WAyEiIiIqMFijlANzGYzLl68iCZNmnhlgiUREZE3EkLg2rVriIyMhI9PzW0+DIRqcPHiRbRp00buahAREdEtOHfuHFq3bl1jGQZCNWjSpAmAsgupVqtlrg0RERE5wmg0ok2bNtJzvCYMhGpg6Q5Tq9UMhIiIiDyMI2ktTJYmIiKiBouBEBERETVYDISIiIiowXI6ENq/fz+GDRuGyMhIKBQKbN261Wb/f//7XwwePBhNmzaFQqFAVlZWpWMUFhYiOTkZTZs2RePGjTFq1Cjk5ubalMnJyUFCQgIaNWqEFi1aYPbs2SgtLbUps3fvXvTs2RMqlQodOnRAampqpXOtXLkSt912GwICAhAXF4dDhw45+5GJiIjISzkdCBUUFKB79+5YuXJltfv79OmDV155pdpjzJw5E5999hk2b96Mffv24eLFixg5cqS032QyISEhAcXFxThw4ADWrl2L1NRUzJ8/XyqTnZ2NhIQEDBw4EFlZWZgxYwYee+wxpKenS2U2btyIWbNmYcGCBfj+++/RvXt3aLVaXL582dmPTURERN5I1AIAsWXLlir3ZWdnCwDiyJEjNtvz8vKEv7+/2Lx5s7Ttp59+EgCETqcTQgixY8cO4ePjI/R6vVRm1apVQq1Wi6KiIiGEEHPmzBFdunSxOfbo0aOFVquV3t9zzz0iOTlZem8ymURkZKRYvHixQ5/PYDAIAMJgMDhUnoiIiOTnzPPb7TlCmZmZKCkpQXx8vLStc+fOaNu2LXQ6HQBAp9OhW7duCA8Pl8potVoYjUacOHFCKmN9DEsZyzGKi4uRmZlpU8bHxwfx8fFSmYqKiopgNBptXkREROS93B4I6fV6KJVKhISE2GwPDw+HXq+XylgHQZb9ln01lTEajbhx4wb++OMPmEymKstYjlHR4sWLERwcLL04qzQREZF346gxKykpKTAYDNLr3LlzcleJiIiIXMjtM0tHRESguLgYeXl5Nq1Cubm5iIiIkMpUHN1lGVVmXabiSLPc3Fyo1WoEBgbC19cXvr6+VZaxHKMilUoFlUpVq89HREREnsPtLUKxsbHw9/fH7t27pW2nTp1CTk4ONBoNAECj0eDYsWM2o7syMjKgVqsRExMjlbE+hqWM5RhKpRKxsbE2ZcxmM3bv3i2VISIioobN6Rah/Px8nD17VnqfnZ2NrKwshIWFoW3btrhy5QpycnJw8eJFAGVBDlDWghMREYHg4GBMmjQJs2bNQlhYGNRqNZ588kloNBrce++9AIDBgwcjJiYGEyZMwJIlS6DX6zFv3jwkJydLLTZTpkzBW2+9hTlz5uDRRx/Fnj17sGnTJmzfvl2q26xZs5CUlIRevXrhnnvuwRtvvIGCggI88sgjt37FiIiIyGsohBDCmR/Yu3cvBg4cWGl7UlISUlNTkZqaWmWgsWDBAixcuBBA2YSKTz31FD7++GMUFRVBq9Xi7bfftumy+u233zB16lTs3bsXQUFBSEpKwssvvww/v/LYbe/evZg5cyZ+/PFHtG7dGs8//zwmTpxoc9633noLS5cuhV6vR48ePbBixQrExcU59FmNRiOCg4NhMBi46CoREVUp58/rWH/oNxSXmt163iYqP0y8LxphQUq3ntcTOPP8djoQakgYCBERkT2zN/+AzZnn5Tm3thOSB3aQ5dz1mTPPb7cnSxMREXmTa4Vlyz/1v705urZyz5fmAz//iSM5eTDeKHHL+bwZAyEiIqJaMN3sWNF2icC4uLZuOeey9FM4kpOHIjd3x3kjziNERERUC2ZzWSDk68YnqtKv7GQMhGqPgRAREVEtWFqEfBQKt53TEgi5O0HbGzEQIiIiqgWT1CLkxkDoZvNTsYmBUG0xECIiIqoFs3B/IKTyt7QImdx2Tm/FQIiIiKgWLC1Cbu0a82XXWF1hIERERFQL5puxiFu7xvzYNVZXGAgRERHVghzJ0irLqLESBkK1xUCIiIioFmRJlmaLUJ1hIERERFQL5cnS7jun0tcXAHOE6gIDISIiolooNXEeIU/GQIiIiKgW5Bg+z5ml6w7XGiMicsDqfT9j65ELcleDHNBCHYAVY3ogpJHSLeeTcoRkSJZmjlDtMRAiInLAqr0/w8CVvj3CSf01fHXmDwzrHumW80mjxuRoESrhhIq1xUCIiMgBpTe/eb/6t+4IVwfIXBuqzrJdp5B1Lg83it0XIJi5xIZHYyBEROQAy7f+e6LD0Caskcy1oep8fCinLBByY0uJSY4lNpgsXWeYLE1E5ADL7MHu7P4g5wX4lw0rd2cgJM0sLcOoMbMob62kW8NAiIjIAdK3fjc+7Mh5gcqyx5o7u8bknFARYPdYbTEQIiJygLSwJv9q1muBMrQIybHEhtJq9kZ2j9UOf6WJiOwQNx90AFuE6rtAZVnqq7cnS/v5+sByOgZCtcNAiIjIDktrEODeb/3kPDlbhNy5xAYAqPzKPisnVawdBkJERHaYrFqEmCxdvwX638wRcmcgZHZ/1xjA2aXrCgMhIiI7zFbPGXd2f5DzApVlrSSFXt41BnC9sbrCQIiIyA4zc4Q8hhzD5+VIlgY4qWJdYSBERGSHbdeYjBUhuyw5Qtfd2iJU9l93twhxUsW6wV9pIiI7zEyW9hiNbo4aK/TymaUBdo3VFQZCRER2WI8aY9dY/SZNqNiAkqWLTVx4tTYYCBER2WEVB3HUWD0n5Qi5qWvMurVQrq6xohK2CNUGAyEiIjvMMnV9kPPcPY+QScZE+vIWIQZCtcFAiIjIjvKuD5krQnZZhs+7q0XIZrJNNz9RLaPGOI9Q7TAQIiKyQ64cEHJeI/+yZOlSs0CJG1pKbKZWYLK0R2IgRERkB7vGPEeAsvyx5o7uMTmXX1HeXGKDgVDtOB0I7d+/H8OGDUNkZCQUCgW2bt1qs18Igfnz56Nly5YIDAxEfHw8zpw5Y1Pm9OnTGD58OJo1awa1Wo0+ffrgyy+/tCmTk5ODhIQENGrUCC1atMDs2bNRWlpqU2bv3r3o2bMnVCoVOnTogNTU1Er1XblyJW677TYEBAQgLi4Ohw4dcvYjE1EDZ3nWccRY/ae0WozUHbNLyznrOCdUrBtOB0IFBQXo3r07Vq5cWeX+JUuWYMWKFVi9ejUOHjyIoKAgaLVaFBYWSmUefPBBlJaWYs+ePcjMzET37t3x4IMPQq/XAwBMJhMSEhJQXFyMAwcOYO3atUhNTcX8+fOlY2RnZyMhIQEDBw5EVlYWZsyYgcceewzp6elSmY0bN2LWrFlYsGABvv/+e3Tv3h1arRaXL1929mMTUQMmdY2xRajeUygUbk2YrhfJ0mwRqh1RCwDEli1bpPdms1lERESIpUuXStvy8vKESqUSH3/8sRBCiN9//10AEPv375fKGI1GAUBkZGQIIYTYsWOH8PHxEXq9XiqzatUqoVarRVFRkRBCiDlz5oguXbrY1Gf06NFCq9VK7++55x6RnJwsvTeZTCIyMlIsXrzYoc9nMBgEAGEwGBwqT0Te6ZTeKKLmpokeL6TLXRVyQOyLu0TU3DTx0yXX/+2+bCwUUXPTRNTcNJefq6IF/zsuouamiSU7f3L7ues7Z57fdZojlJ2dDb1ej/j4eGlbcHAw4uLioNPpAABNmzZFp06d8MEHH6CgoAClpaV455130KJFC8TGxgIAdDodunXrhvDwcOk4Wq0WRqMRJ06ckMpYn8dSxnKe4uJiZGZm2pTx8fFBfHy8VKaioqIiGI1GmxcRkUmmRTXp1gS4cZkNOfPHuMRG3fCry4NZurasAxjLe8s+hUKBL774AomJiWjSpAl8fHzQokUL7Ny5E6GhodJxqjqG9TmqK2M0GnHjxg1cvXoVJpOpyjInT56ssv6LFy/GCy+8cCsfnYi8mFmmRTXp1jRy4wr0UpAsw73BrrG64fZRY0IIJCcno0WLFvjqq69w6NAhJCYmYtiwYbh06ZK7q2MjJSUFBoNBep07d07W+hBR/SDXopp0a9yaIyTlj7n8VJUwWbpu1Ok/XUREBAAgNzfXZntubq60b8+ePUhLS8OGDRtw3333oWfPnnj77bcRGBiItWvXSsep6hjW56iujFqtRmBgIJo1awZfX98a61KRSqWCWq22eRERmdgi5FEC3BgISV1jMrYIcULF2qnTQCg6OhoRERHYvXu3tM1oNOLgwYPQaDQAgOvXr5eduEL47OPjA/PNr10ajQbHjh2zGd2VkZEBtVqNmJgYqYz1eSxlLOdRKpWIjY21KWM2m7F7926pDBGRI+T81k/Oc+fs0nKOKGTXWN1w+tc6Pz8fWVlZyMrKAlCWIJ2VlYWcnBwoFArMmDEDL730ErZt24Zjx47h4YcfRmRkJBITEwGUBTChoaFISkrCDz/8gNOnT2P27NnScHgAGDx4MGJiYjBhwgT88MMPSE9Px7x585CcnAyVSgUAmDJlCn755RfMmTMHJ0+exNtvv41NmzZh5syZUl1nzZqFf//731i7di1++uknTJ06FQUFBXjkkUdqedmIqCERMn7rJ+dZusYK3dg1Jke3KQOhuuF0svThw4cxcOBA6f2sWbMAAElJSUhNTcWcOXNQUFCAyZMnIy8vD3369MHOnTsREBAAAGjWrBl27tyJ5557Dvfffz9KSkrQpUsX/O9//0P37t0BAL6+vkhLS8PUqVOh0WgQFBSEpKQkLFq0SDpvdHQ0tm/fjpkzZ2L58uVo3bo11qxZA61WK5UZPXo0fv/9d8yfPx96vR49evTAzp07KyVQExHVhPMIeZZAN44aM8nZNca1xuqE04HQgAEDpG9HVVEoFFi0aJFN0FJRr169bCY+rEpUVBR27Nhhty5Hjhypscy0adMwbdq0GssQEdWEOUKeReoac2uyNFuEPBV7vImI7JBGjTEQ8gjuHDUm572hsqw1xlFjtcJAiIjIDqlFiF1jHiHQnfMIcUJFj8dAiIjIjvLZg2WuCDnEncPnmSzt+fhrTURkh1nG2YPJeeVdY64PEORcYkMKhNg1VisMhIiI7LB861cwEPII5fMIlbr8XFKytAy3hjRqzA0tX96sTtcaIyLyRnJ+6yfnWdYau3ytCN/nXLVbvlN4EwSpbu1xaK4PXWNsEaoVBkJERHbcfNaxa8xDWLrGjp43YOTbB+yW7xTeBOkz+93SueScWsESCBUUmbDth4sO/UyAnw/63d5cyqMiBkJERHZxiQ3PEteuKeKiw3DJUFhjOZNZ4ELeDZz9Pf+WzyVnsnQjq/mS/vFxzXPqWXvy/g54anAnV1XL4zAQIiKyw8wJFT1KcKA/Nj5hf03JP/KL0OulL2AyCwghbikHTM5u05bBgZjSvz2Ons9zqPzFvBv49c/ruJB3w7UV8zAMhIiI7JDzWz+5jr/VfAglJgGln/P/vpb0HLmC5GeGdna47NoDv2LBthNckqMCNvQSEdlhyRFii5B38fct//csNd9acOBJQbJlAsYiN0wr4EkYCBER2SHnyCByHT8f2xahW2GWcdFVZ6n8LYu0cri9NQZCRER2cNFV72TdIlRyi0PQPSmR3rI2GbvGbHnAPx0RkbzknDSPXEehUMDv5j9qaW1bhDzg5pC6xhgI2WAgRERkh/Cghx05x+9mq1CtW4Q8oLVQahHiTNQ2GAgREdlR3v1R/x925Bz/m31apeZbaxHyqGRpfy7SWhUGQkREdpg4s7TXqm2LkEclS7NrrEoMhIiI7DAzR8hr+d2cS+jWu8bK/usJrYXlydLsGrPGQIiIyA5p1JgHPOzIOZYV3G81WdrkiS1CnEfIBgMhIiI7PKn7g5xj6Rq71QkVPWmOqfJ5hBgIWWMgRERkhyc97Mg5luHztzqhoicl0lu6xopNZumeJgZCRER2eVIeCDnHv5Y5QuWthXVWJZexdI0BbBWyxkCIiMiO8pmlZa4I1Tn/2uYIeVSLkHUgxIRpCwZCRER2COYIea1aT6joQfeGn6+P1L3LFqFyDISIiOzwpG/95JzaTqjoafljHDlWGQMhIiI7POlbPzmn9ktslP3XU4Lk8kkV2TVmwUCIiMgOM1uEvFb5hIq3miNUFgl5SpDMFegrYyBERGSHpdfEExbWJOcoLfMI1TZHyEOC5PK5hNgiZMFAiIjIjvKFNWWuCNU5v5s5QiW3vOhq2X89JUhmjlBl/LUmIrKDM0t7L79atghJ94aHPE3ZNVaZh/zTERHJh6PGvFdtJ1T0tHuDydKVMRAiIrLDLE2o6BkPO3Kcv2/dLLHh5ymBENcbq4SBEBGRHZb1OD0lIZYc51fLmaU9rdtU6hpjjpDEz9kf2L9/P5YuXYrMzExcunQJW7ZsQWJiorRfCIEFCxbg3//+N/Ly8nDfffdh1apV6Nixo81xtm/fjkWLFuHo0aMICAhA//79sXXrVml/Tk4Opk6dii+//BKNGzdGUlISFi9eDD+/8irv3bsXs2bNwokTJ9CmTRvMmzcPEydOtDnPypUrsXTpUuj1enTv3h1vvvkm7rnnHmc/NhHVsevFpdh1IhfXi+Vpor+zdTC6tgp2qKyJLUJey9+ndqvPs2vM8zkdCBUUFKB79+549NFHMXLkyEr7lyxZghUrVmDt2rWIjo7G888/D61Wix9//BEBAQEAgE8//RSPP/44/vWvf+H+++9HaWkpjh8/Lh3DZDIhISEBEREROHDgAC5duoSHH34Y/v7++Ne//gUAyM7ORkJCAqZMmYL169dj9+7deOyxx9CyZUtotVoAwMaNGzFr1iysXr0acXFxeOONN6DVanHq1Cm0aNHili4YEdWNNV9l47WM07KdP0jpi8zn/4IAf1+7Zc0cNea1LC1CxbVedNXTAiG2CFk4HQgNHToUQ4cOrXKfEAJvvPEG5s2bh+HDhwMAPvjgA4SHh2Pr1q0YM2YMSktLMX36dCxduhSTJk2SfjYmJkb6/127duHHH3/EF198gfDwcPTo0QMvvvgi5s6di4ULF0KpVGL16tWIjo7Gq6++CgC444478PXXX+P111+XAqHXXnsNjz/+OB555BEAwOrVq7F9+3b85z//wTPPPOPsRyeiOvT7tSIAQLvmQejQvLHbzisAZPyYi4JiE64XmxwKhNgi5L3KR415/6KrAEeNVcXpQKgm2dnZ0Ov1iI+Pl7YFBwcjLi4OOp0OY8aMwffff48LFy7Ax8cHd911F/R6PXr06IGlS5eia9euAACdTodu3bohPDxcOo5Wq8XUqVNx4sQJ3HXXXdDpdDbnsZSZMWMGAKC4uBiZmZlISUmR9vv4+CA+Ph46na7K+hcVFaGoqEh6bzQaa31NiKhqlm/Sf+0eiRnxt7v13O1StsMsHB8yzQkVvZdSyhGq3RIbnpI/JiVLl7BrzKJOG3r1ej0A2AQwlveWfb/88gsAYOHChZg3bx7S0tIQGhqKAQMG4MqVK9JxqjqG9TmqK2M0GnHjxg388ccfMJlMNdalosWLFyM4OFh6tWnTxulrQESOkbNLQVpWwcFJ9DxtYU1yXG0nVGTXmOdze4+3+WZC2nPPPYdRo0YhNjYW77//PhQKBTZv3uzu6thISUmBwWCQXufOnZO1PkTezCzjYpWWBNkSBx8Gntb9QY6r7YSKnnZvsGussjoNhCIiIgAAubm5Nttzc3OlfS1btgRgmxOkUqnQrl075OTkSMep6hjW56iujFqtRmBgIJo1awZfX98a61KRSqWCWq22eRGRa1i+ScvxRVoaMu3gSCGuPu+9aj2PkHRv1FmVXIqjxiqr00AoOjoaERER2L17t7TNaDTi4MGD0Gg0AIDY2FioVCqcOnVKKlNSUoJff/0VUVFRAACNRoNjx47h8uXLUpmMjAyo1WopgNJoNDbnsZSxnEepVCI2NtamjNlsxu7du6UyRCQfOYMLfydXHBdSsrTLqkQyqe3M0p7WbVqeI8QWIQunk6Xz8/Nx9uxZ6X12djaysrIQFhaGtm3bYsaMGXjppZfQsWNHafh8ZGSkNNeQWq3GlClTsGDBArRp0wZRUVFYunQpAOBvf/sbAGDw4MGIiYnBhAkTsGTJEuj1esybNw/JyclQqVQAgClTpuCtt97CnDlz8Oijj2LPnj3YtGkTtm/fLtVt1qxZSEpKQq9evXDPPffgjTfeQEFBgTSKjIjkI2RMQPZ3cqSQp3V/kONqO6Gip90b7BqrzOlA6PDhwxg4cKD0ftasWQCApKQkpKamYs6cOSgoKMDkyZORl5eHPn36YOfOndIcQgCwdOlS+Pn5YcKECbhx4wbi4uKwZ88ehIaGAgB8fX2RlpaGqVOnQqPRICgoCElJSVi0aJF0jOjoaGzfvh0zZ87E8uXL0bp1a6xZs0YaOg8Ao0ePxu+//4758+dLo9N27txZKYGaiNxPWrZChgeIJS/E0bljLM9Ido15n9pOqOi5ydLsGrNwOhAaMGCA1ExcFYVCgUWLFtkELRX5+/tj2bJlWLZsWbVloqKisGPHDrt1OXLkSI1lpk2bhmnTptVYhojcT/omLcPzw9/JIdOe1v1BjiufULGBtAhxrbFKOE8qEclC1q4xH0uytHNdYx7ypZ+c4F/bUWMe1lrItcYqYyBERLKQ85u0s11jUveHh3zrJ8f513bRVQ9rLWTXWGUMhIhIFmYZR2I5+/DztDwQcpyfZU6pBrPoKpOlK2IgRESykHPZCme7QzztYUeOq22LkKfNMcUcocoYCBGRLGRdYsPHuRXHPS0PhBznJ02oWNt5hOqsSi4VIOUIsWvMwkP+6YjI28g5s7S/n3OtANKEivyL6XVqO6GiSeri9YwgmS1ClfHXmohkYekakyPJ1Nm5Y8qH+nvGw44cJ3WT3uqiqx6bLM1AyIKBEBHJwixjcFE+asy54fOe8rAjx1m6SWubI+Qp+WPlydLsGrNgIEREspC1a8zZCRU9LCGWHOfsVAoVWX7MU+4NS4tQiUlIAX5D5/TM0kREdUHOVhbnh8+X/VfhIQ87cpyzQXFFHtc15l/e/nHH8zuBelBtla8Pjr2gtV/QRRgIEZEs5JxZ2jJ3jMMTKnrYw44cV1fD5z0lfyzQ3xd3tFTjp0vGW24F8zYMhIhIFrJOqOjkqDFprhgmE3iduppQ0VOCZIVCgc+m3YfL14rkrkq9wUCIiGQh5zdpjhoji1q3CHnYPEJA2UKzkSGBclej3vCgfzoi8iZyzixdvuK4c11jDIS8j5/V8HnLfFHOYJDs+RgIEZEshIwLmd5qsrSndH+Q4/ytmnJKbqFViAvyej4GQkQkC8s3aXmGzzu51piHJcSS4yz3AuB4V6k1tgh5PgZCRCQLWbvGpLXGHGwR8rCEWHKcn0/dtAj5+fLe8FQMhIhIFnIGF/5+t9Yi5EkJseQY6xahW1lvTEqWZouQx+KvNRHJQtaZpS3LKjg4s65Z6sbjw87bKBQKKRi/lZFjUtcYWws9FgMhIpKFWca8G2eXVZCSpRkIeSVLq9CttAjx3vB8DISISBayrj7v5LIKnjZpHjnH2RZCa7w3PB8DISKShawzS/s61xXiaSuMk3P8nBxFaI33hudjIEREspBz2HH5qDHHHnxCxqCNXM/ZCTatmZks7fEYCBGRLORcdNXptcb4sPNqyloss1HeIlSnVSI34j8dEclCzmRpZ9YaE0KUz3nEJiGvVL7MhnMtQkIIKaBnkOy5GAgRkSzKhx27/9zlXSH2WwCs82f5sPNO0gr0TrYImaxuDiZLey4GQkQkCzlnlnZmiQ3rhx1bhLyTZRShs8PnTYL3hjdgIEREsvCURVfN1g87Puu8kp+TowgtrHvS2FrouRgIEZEsTDKOxCrvCrHfAmAdCLH7wzvVRYsQ7w3PxUCIiGQh57IVllFjJQ4kx9p0jfFbv1e61QkVeW94BwZCRCQLOZcmkB58jnSNWXd/8Fu/V/K7xSU2zEyW9goMhIhIFvVhrTFnu8b4rd87+UldY062CDF/zCswECIiWci6+rwTDz4+7Lyf8haX2DCby/Pc5OjipbrhdCC0f/9+DBs2DJGRkVAoFNi6davNfiEE5s+fj5YtWyIwMBDx8fE4c+ZMlccqKipCjx49oFAokJWVZbPv6NGj6Nu3LwICAtCmTRssWbKk0s9v3rwZnTt3RkBAALp164YdO3bccl2IyL0sXU7yjBpz/MHHh533syy58sJnP+KuRbscfsW/tg8Au8U8ndOBUEFBAbp3746VK1dWuX/JkiVYsWIFVq9ejYMHDyIoKAharRaFhYWVys6ZMweRkZGVthuNRgwePBhRUVHIzMzE0qVLsXDhQrz77rtSmQMHDmDs2LGYNGkSjhw5gsTERCQmJuL48eO3VBcici95u8acbxHiw857dYlUAwBulJhw9XqJwy9jYSkAIKalWs7qUy35OfsDQ4cOxdChQ6vcJ4TAG2+8gXnz5mH48OEAgA8++ADh4eHYunUrxowZI5X9/PPPsWvXLnz66af4/PPPbY6zfv16FBcX4z//+Q+USiW6dOmCrKwsvPbaa5g8eTIAYPny5RgyZAhmz54NAHjxxReRkZGBt956C6tXr3aqLkTkfmYZ12iytAg5MmpMzokfyT2m3d8Bw3u0QrHJdEs/3z